<?xml version="1.0" encoding="utf-8"?><testsuites name="pytest tests"><testsuite name="pytest" errors="0" failures="0" skipped="0" tests="6" time="0.560" timestamp="2026-06-09T10:59:50.581069+00:00" hostname="agent-env-2ef57fd1-860a-48be-8469-9c2b38271f21"><testcase classname="backend.tests.test_contact_api" name="test_root_returns_message" time="0.139" /><testcase classname="backend.tests.test_contact_api" name="test_contact_invalid_email_returns_422" time="0.052" /><testcase classname="backend.tests.test_contact_api" name="test_contact_missing_required_returns_422" time="0.052" /><testcase classname="backend.tests.test_contact_api" name="test_contact_empty_name_returns_422" time="0.055" /><testcase classname="backend.tests.test_contact_api" name="test_contact_create_and_persist" time="0.110" /><testcase classname="backend.tests.test_contact_api" name="test_contact_optional_fields_can_be_omitted" time="0.069" /></testsuite></testsuites>